[2025-10-23T09:16:02.164Z] [INFO] Starting Sync System...
[2025-10-23T09:16:02.166Z] [INFO] Polling started - checking every 60 seconds
[2025-10-23T09:16:02.167Z] [INFO] Starting heartbeat system...
[2025-10-23T09:16:02.167Z] [INFO] Heartbeat started - every 30 seconds
[2025-10-23T09:16:02.169Z] [INFO] Queue processor started
[2025-10-23T09:16:02.170Z] [SUCCESS] Sync System started successfully
[2025-10-23T10:15:55.954Z] [INFO] Starting Sync System...
[2025-10-23T10:15:55.954Z] [INFO] Polling started - checking every 60 seconds
[2025-10-23T10:15:55.955Z] [INFO] Starting heartbeat system...
[2025-10-23T10:15:55.955Z] [INFO] Heartbeat started - every 30 seconds
[2025-10-23T10:15:55.955Z] [INFO] Queue processor started
[2025-10-23T10:15:55.956Z] [SUCCESS] Sync System started successfully
[2025-10-23T10:18:31.426Z] [INFO] Manual Log (role change) sent for member shytnbsly. in Sweet Frend..
[2025-10-23T10:18:32.542Z] [INFO] Manual Log (role change) sent for member shytnbsly. in Sweet Frend..
[2025-10-23T10:26:20.177Z] [INFO] Manual Log (role change) sent for member rsmym0758 in Sweet Frend..
[2025-10-23T10:26:33.939Z] [INFO] Manual Log (nickname change) sent for member rsmym0758 in Sweet Frend..
[2025-10-23T10:26:47.437Z] [INFO] Manual Log (nickname change) sent for member rsmym0758 in Sweet Frend..
[2025-10-23T10:27:00.354Z] [INFO] Manual Log (channel create) sent for channel gh in Sweet Frend..
[2025-10-23T10:27:03.405Z] [INFO] Manual Log (channel delete) sent for channel gh in Sweet Frend..
[2025-10-23T10:27:11.359Z] [INFO] Manual Log (server update) sent for Sweet Frend...
[2025-10-23T10:27:38.334Z] [INFO] Manual Log (message delete) sent for message from te2m in Sweet Frend...
[2025-10-23T10:33:03.794Z] [INFO] Starting Sync System...
[2025-10-23T10:33:03.795Z] [INFO] Polling started - checking every 60 seconds
[2025-10-23T10:33:03.795Z] [INFO] Starting heartbeat system...
[2025-10-23T10:33:03.795Z] [INFO] Heartbeat started - every 30 seconds
[2025-10-23T10:33:03.796Z] [INFO] Queue processor started
[2025-10-23T10:33:03.796Z] [SUCCESS] Sync System started successfully
[2025-10-23T10:33:36.101Z] [INFO] Starting Sync System...
[2025-10-23T10:33:36.102Z] [INFO] Polling started - checking every 60 seconds
[2025-10-23T10:33:36.103Z] [INFO] Starting heartbeat system...
[2025-10-23T10:33:36.103Z] [INFO] Heartbeat started - every 30 seconds
[2025-10-23T10:33:36.104Z] [INFO] Queue processor started
[2025-10-23T10:33:36.104Z] [SUCCESS] Sync System started successfully
[2025-10-23T10:36:30.354Z] [INFO] Starting Sync System...
[2025-10-23T10:36:30.354Z] [INFO] Polling started - checking every 60 seconds
[2025-10-23T10:36:30.355Z] [INFO] Starting heartbeat system...
[2025-10-23T10:36:30.355Z] [INFO] Heartbeat started - every 30 seconds
[2025-10-23T10:36:30.356Z] [INFO] Queue processor started
[2025-10-23T10:36:30.356Z] [SUCCESS] Sync System started successfully
[2025-10-23T10:39:27.582Z] [INFO] Manual Log (role change) sent for member rsfatima0549 in Sweet Frend...
[2025-10-23T10:50:55.370Z] [INFO] Manual Log (role change) sent for member shytnbsly. in Sweet Frend...
[2025-10-23T10:50:57.055Z] [INFO] Manual Log (role change) sent for member shytnbsly. in Sweet Frend...
[2025-10-23T10:51:05.572Z] [INFO] Manual Log (message delete) sent for message from te2m in Sweet Frend...
[2025-10-23T10:52:22.570Z] [INFO] Manual Log (message delete) sent for message from te2m in Sweet Frend...
[2025-10-23T10:52:32.091Z] [INFO] Manual Log (message edit) sent for message from te2m in Sweet Frend...
[2025-10-23T10:52:42.091Z] [INFO] Manual Log (message delete) sent for message from te2m in Sweet Frend...
[2025-10-23T10:52:47.701Z] [INFO] Manual Log (server update) sent for Sweet Frend..
[2025-10-23T10:52:55.625Z] [INFO] Manual Log (channel create) sent for channel يب in Sweet Frend..
[2025-10-23T10:52:59.092Z] [INFO] Manual Log (channel delete) sent for channel يب in Sweet Frend..
[2025-10-23T10:53:06.464Z] [ERROR] Error sending Manual Log (kick): | Data: {}
[2025-10-23T10:53:06.816Z] [ERROR] Error sending Manual Log (nickname change): | Data: {}
[2025-10-23T10:53:30.019Z] [ERROR] Error sending Manual Log (nickname change): | Data: {}
[2025-10-23T10:53:31.535Z] [INFO] Manual Log (role change) sent for member shytnbsly. in Sweet Frend..
[2025-10-23T11:07:12.240Z] [INFO] Starting Sync System...
[2025-10-23T11:07:12.241Z] [INFO] Polling started - checking every 60 seconds
[2025-10-23T11:07:12.241Z] [INFO] Starting heartbeat system...
[2025-10-23T11:07:12.242Z] [INFO] Heartbeat started - every 30 seconds
[2025-10-23T11:07:12.242Z] [INFO] Queue processor started
[2025-10-23T11:07:12.243Z] [SUCCESS] Sync System started successfully
[2025-10-23T11:08:10.625Z] [INFO] Starting Sync System...
[2025-10-23T11:08:10.626Z] [INFO] Polling started - checking every 60 seconds
[2025-10-23T11:08:10.627Z] [INFO] Starting heartbeat system...
[2025-10-23T11:08:10.627Z] [INFO] Heartbeat started - every 30 seconds
[2025-10-23T11:08:10.628Z] [INFO] Queue processor started
[2025-10-23T11:08:10.628Z] [SUCCESS] Sync System started successfully
[2025-10-23T11:08:29.932Z] [INFO] Starting Sync System...
[2025-10-23T11:08:29.933Z] [INFO] Polling started - checking every 60 seconds
[2025-10-23T11:08:29.933Z] [INFO] Starting heartbeat system...
[2025-10-23T11:08:29.934Z] [INFO] Heartbeat started - every 30 seconds
[2025-10-23T11:08:29.934Z] [INFO] Queue processor started
[2025-10-23T11:08:29.935Z] [SUCCESS] Sync System started successfully
[2025-10-23T11:10:36.707Z] [INFO] Starting Sync System...
[2025-10-23T11:10:36.708Z] [INFO] Polling started - checking every 60 seconds
[2025-10-23T11:10:36.708Z] [INFO] Starting heartbeat system...
[2025-10-23T11:10:36.708Z] [INFO] Heartbeat started - every 30 seconds
[2025-10-23T11:10:36.709Z] [INFO] Queue processor started
[2025-10-23T11:10:36.709Z] [SUCCESS] Sync System started successfully
[2025-10-23T11:12:48.373Z] [INFO] Starting Sync System...
[2025-10-23T11:12:48.373Z] [INFO] Polling started - checking every 60 seconds
[2025-10-23T11:12:48.374Z] [INFO] Starting heartbeat system...
[2025-10-23T11:12:48.374Z] [INFO] Heartbeat started - every 30 seconds
[2025-10-23T11:12:48.375Z] [INFO] Queue processor started
[2025-10-23T11:12:48.375Z] [SUCCESS] Sync System started successfully
[2025-10-23T11:16:31.361Z] [INFO] Received settings update notification: | Data: {"serverId":"423067123225722891","section":"ads","timestamp":"2025-10-23T11:15:09.000Z"}
[2025-10-23T11:16:31.362Z] [SUCCESS] Cache cleared for server: 423067123225722891
[2025-10-23T11:16:31.572Z] [SUCCESS] New settings loaded for server: 423067123225722891
[2025-10-23T11:16:34.235Z] [SUCCESS] Section 'ads' updated successfully for server: 423067123225722891
[2025-10-23T11:18:09.600Z] [INFO] Received settings update notification: | Data: {"serverId":"423067123225722891","section":"ads","timestamp":"2025-10-23T11:15:09.000Z"}
[2025-10-23T11:18:09.601Z] [SUCCESS] Cache cleared for server: 423067123225722891
[2025-10-23T11:18:09.665Z] [SUCCESS] New settings loaded for server: 423067123225722891
[2025-10-23T11:18:09.667Z] [SUCCESS] Section 'ads' updated successfully for server: 423067123225722891
[2025-10-23T11:18:32.205Z] [INFO] Received settings update notification: | Data: {"serverId":"423067123225722891","section":"ads","timestamp":"2023-12-23T12:00:00.000Z"}
[2025-10-23T11:18:32.205Z] [SUCCESS] Cache cleared for server: 423067123225722891
[2025-10-23T11:18:32.264Z] [SUCCESS] New settings loaded for server: 423067123225722891
[2025-10-23T11:18:32.266Z] [SUCCESS] Section 'ads' updated successfully for server: 423067123225722891
[2025-10-23T11:19:57.542Z] [INFO] Received settings update notification: | Data: {"serverId":"423067123225722891","section":"ads","timestamp":"2023-12-23T12:30:00.000Z"}
[2025-10-23T11:19:57.542Z] [SUCCESS] Cache cleared for server: 423067123225722891
[2025-10-23T11:19:57.606Z] [SUCCESS] New settings loaded for server: 423067123225722891
[2025-10-23T11:19:58.987Z] [SUCCESS] Section 'ads' updated successfully for server: 423067123225722891
[2025-10-23T11:20:59.617Z] [INFO] Received settings update notification: | Data: {"serverId":"423067123225722891","section":"ads","timestamp":"2025-10-23T11:21:40.000Z"}
[2025-10-23T11:20:59.618Z] [SUCCESS] Cache cleared for server: 423067123225722891
[2025-10-23T11:20:59.680Z] [SUCCESS] New settings loaded for server: 423067123225722891
[2025-10-23T11:21:01.107Z] [SUCCESS] Section 'ads' updated successfully for server: 423067123225722891
[2025-10-23T11:24:43.854Z] [ERROR] Error handling settings update | Data: {}
[2025-10-23T11:25:06.090Z] [ERROR] Error handling settings update | Data: {}
[2025-10-23T11:25:49.746Z] [ERROR] Error handling settings update | Data: {}
[2025-10-23T11:26:17.168Z] [INFO] Starting Sync System...
[2025-10-23T11:26:17.169Z] [INFO] Polling started - checking every 60 seconds
[2025-10-23T11:26:17.169Z] [INFO] Starting heartbeat system...
[2025-10-23T11:26:17.170Z] [INFO] Heartbeat started - every 30 seconds
[2025-10-23T11:26:17.170Z] [INFO] Queue processor started
[2025-10-23T11:26:17.171Z] [SUCCESS] Sync System started successfully
[2025-10-23T11:26:47.348Z] [INFO] Starting Sync System...
[2025-10-23T11:26:47.349Z] [INFO] Polling started - checking every 60 seconds
[2025-10-23T11:26:47.349Z] [INFO] Starting heartbeat system...
[2025-10-23T11:26:47.350Z] [INFO] Heartbeat started - every 30 seconds
[2025-10-23T11:26:47.350Z] [INFO] Queue processor started
[2025-10-23T11:26:47.351Z] [SUCCESS] Sync System started successfully
[2025-10-23T11:27:01.259Z] [INFO] Received settings update notification: | Data: {"serverId":"423067123225722891","section":"ads","timestamp":"2025-10-23T11:27:01.259Z"}
[2025-10-23T11:27:01.260Z] [SUCCESS] Cache cleared for server: 423067123225722891
[2025-10-23T11:27:01.333Z] [SUCCESS] New settings loaded for server: 423067123225722891
[2025-10-23T11:27:01.336Z] [SUCCESS] Section 'ads' updated successfully for server: 423067123225722891
[2025-10-23T11:30:06.957Z] [INFO] Starting Sync System...
[2025-10-23T11:30:06.957Z] [INFO] Polling started - checking every 60 seconds
[2025-10-23T11:30:06.958Z] [INFO] Starting heartbeat system...
[2025-10-23T11:30:06.958Z] [INFO] Heartbeat started - every 30 seconds
[2025-10-23T11:30:06.959Z] [INFO] Queue processor started
[2025-10-23T11:30:06.959Z] [SUCCESS] Sync System started successfully
[2025-10-23T11:30:18.939Z] [INFO] Received settings update notification: | Data: {"serverId":"423067123225722891","section":"ads","timestamp":"2025-10-23T11:30:18.939Z"}
[2025-10-23T11:30:18.941Z] [SUCCESS] Cache cleared for server: 423067123225722891
[2025-10-23T11:30:19.018Z] [SUCCESS] New settings loaded for server: 423067123225722891
[2025-10-23T11:30:19.023Z] [SUCCESS] Section 'ads' updated successfully for server: 423067123225722891
[2025-10-23T11:37:11.784Z] [INFO] Received settings update notification: | Data: {"serverId":"423067123225722891","section":"ads","timestamp":"2025-10-23T11:38:20.000Z"}
[2025-10-23T11:37:11.784Z] [SUCCESS] Cache cleared for server: 423067123225722891
[2025-10-23T11:37:11.858Z] [SUCCESS] New settings loaded for server: 423067123225722891
[2025-10-23T11:37:11.863Z] [SUCCESS] Section 'ads' updated successfully for server: 423067123225722891
[2025-10-23T11:37:54.430Z] [INFO] Starting Sync System...
[2025-10-23T11:37:54.431Z] [INFO] Polling started - checking every 60 seconds
[2025-10-23T11:37:54.432Z] [INFO] Starting heartbeat system...
[2025-10-23T11:37:54.432Z] [INFO] Heartbeat started - every 30 seconds
[2025-10-23T11:37:54.433Z] [INFO] Queue processor started
[2025-10-23T11:37:54.433Z] [SUCCESS] Sync System started successfully
[2025-10-23T11:38:42.984Z] [INFO] Starting Sync System...
[2025-10-23T11:38:42.985Z] [INFO] Polling started - checking every 60 seconds
[2025-10-23T11:38:42.986Z] [INFO] Starting heartbeat system...
[2025-10-23T11:38:42.986Z] [INFO] Heartbeat started - every 30 seconds
[2025-10-23T11:38:42.986Z] [INFO] Queue processor started
[2025-10-23T11:38:42.987Z] [SUCCESS] Sync System started successfully
[2025-10-23T11:39:38.838Z] [INFO] Received settings update notification: | Data: {"serverId":"423067123225722891","section":"ads","timestamp":"2025-10-23T11:38:20.000Z"}
[2025-10-23T11:39:38.839Z] [SUCCESS] Cache cleared for server: 423067123225722891
[2025-10-23T11:39:38.913Z] [SUCCESS] New settings loaded for server: 423067123225722891
[2025-10-23T11:39:38.918Z] [SUCCESS] Section 'ads' updated successfully for server: 423067123225722891
[2025-10-23T11:42:15.503Z] [INFO] Starting Sync System...
[2025-10-23T11:42:15.504Z] [INFO] Polling started - checking every 60 seconds
[2025-10-23T11:42:15.504Z] [INFO] Starting heartbeat system...
[2025-10-23T11:42:15.505Z] [INFO] Heartbeat started - every 30 seconds
[2025-10-23T11:42:15.505Z] [INFO] Queue processor started
[2025-10-23T11:42:15.506Z] [SUCCESS] Sync System started successfully
[2025-10-23T11:42:46.952Z] [INFO] Received settings update notification: | Data: {"serverId":"423067123225722891","section":"ads","timestamp":"2025-10-23T11:42:46.952Z"}
[2025-10-23T11:42:46.953Z] [SUCCESS] Cache cleared for server: 423067123225722891
[2025-10-23T11:42:47.023Z] [SUCCESS] New settings loaded for server: 423067123225722891
[2025-10-23T11:42:47.041Z] [SUCCESS] Section 'ads' updated successfully for server: 423067123225722891
[2025-10-23T11:44:53.735Z] [INFO] Starting Sync System...
[2025-10-23T11:44:53.736Z] [INFO] Polling started - checking every 60 seconds
[2025-10-23T11:44:53.736Z] [INFO] Starting heartbeat system...
[2025-10-23T11:44:53.736Z] [INFO] Heartbeat started - every 30 seconds
[2025-10-23T11:44:53.737Z] [INFO] Queue processor started
[2025-10-23T11:44:53.737Z] [SUCCESS] Sync System started successfully
[2025-10-23T11:46:50.673Z] [INFO] Received settings update notification: | Data: {"serverId":"423067123225722891","section":"ads","timestamp":"2025-10-23T11:46:50.673Z"}
[2025-10-23T11:46:50.674Z] [SUCCESS] Cache cleared for server: 423067123225722891
[2025-10-23T11:46:50.746Z] [SUCCESS] New settings loaded for server: 423067123225722891
[2025-10-23T11:46:50.758Z] [SUCCESS] Section 'ads' updated successfully for server: 423067123225722891
[2025-10-23T12:23:24.843Z] [INFO] Starting Sync System...
[2025-10-23T12:23:24.844Z] [INFO] Polling started - checking every 60 seconds
[2025-10-23T12:23:24.845Z] [INFO] Starting heartbeat system...
[2025-10-23T12:23:24.846Z] [INFO] Heartbeat started - every 30 seconds
[2025-10-23T12:23:24.847Z] [INFO] Queue processor started
[2025-10-23T12:23:24.847Z] [SUCCESS] Sync System started successfully
[2025-10-23T12:25:25.995Z] [INFO] Starting Sync System...
[2025-10-23T12:25:25.996Z] [INFO] Polling started - checking every 60 seconds
[2025-10-23T12:25:25.997Z] [INFO] Starting heartbeat system...
[2025-10-23T12:25:25.998Z] [INFO] Heartbeat started - every 30 seconds
[2025-10-23T12:25:26.000Z] [INFO] Queue processor started
[2025-10-23T12:25:26.001Z] [SUCCESS] Sync System started successfully
[2025-10-23T12:28:12.958Z] [INFO] Received settings update notification: | Data: {"serverId":"423067123225722891","section":"ads","timestamp":"2025-10-23T12:28:12.958Z"}
[2025-10-23T12:28:12.960Z] [SUCCESS] Cache cleared for server: 423067123225722891
[2025-10-23T12:28:13.083Z] [SUCCESS] New settings loaded for server: 423067123225722891
[2025-10-23T12:28:13.097Z] [SUCCESS] Section 'ads' updated successfully for server: 423067123225722891
[2025-10-23T12:34:07.693Z] [INFO] Received settings update notification: | Data: {"serverId":"423067123225722891","section":"ads","timestamp":"2025-10-23T12:34:07.693Z"}
[2025-10-23T12:34:07.694Z] [SUCCESS] Cache cleared for server: 423067123225722891
[2025-10-23T12:34:07.899Z] [SUCCESS] New settings loaded for server: 423067123225722891
[2025-10-23T12:34:07.912Z] [SUCCESS] Section 'ads' updated successfully for server: 423067123225722891
[2025-10-23T12:35:45.057Z] [INFO] Received settings update notification: | Data: {"serverId":"423067123225722891","section":"ads","timestamp":"2025-10-23T12:35:45.057Z"}
[2025-10-23T12:35:45.058Z] [SUCCESS] Cache cleared for server: 423067123225722891
[2025-10-23T12:35:45.169Z] [SUCCESS] New settings loaded for server: 423067123225722891
[2025-10-23T12:35:45.178Z] [SUCCESS] Section 'ads' updated successfully for server: 423067123225722891
[2025-10-23T12:36:50.497Z] [INFO] Received settings update notification: | Data: {"serverId":"423067123225722891","section":"ads","timestamp":"2025-10-23T12:36:50.497Z"}
[2025-10-23T12:36:50.498Z] [SUCCESS] Cache cleared for server: 423067123225722891
[2025-10-23T12:36:50.595Z] [SUCCESS] New settings loaded for server: 423067123225722891
[2025-10-23T12:36:50.607Z] [SUCCESS] Section 'ads' updated successfully for server: 423067123225722891
[2025-10-23T12:38:58.954Z] [INFO] Received settings update notification: | Data: {"serverId":"423067123225722891","section":"ads","timestamp":"2025-10-23T12:38:58.954Z"}
[2025-10-23T12:38:58.955Z] [SUCCESS] Cache cleared for server: 423067123225722891
[2025-10-23T12:38:59.080Z] [SUCCESS] New settings loaded for server: 423067123225722891
[2025-10-23T12:38:59.092Z] [SUCCESS] Section 'ads' updated successfully for server: 423067123225722891
[2025-10-23T12:39:57.452Z] [INFO] Received settings update notification: | Data: {"serverId":"423067123225722891","section":"ads","timestamp":"2025-10-23T12:39:57.452Z"}
[2025-10-23T12:39:57.453Z] [SUCCESS] Cache cleared for server: 423067123225722891
[2025-10-23T12:39:57.558Z] [SUCCESS] New settings loaded for server: 423067123225722891
[2025-10-23T12:39:57.567Z] [SUCCESS] Section 'ads' updated successfully for server: 423067123225722891
[2025-10-23T12:40:39.760Z] [INFO] Received settings update notification: | Data: {"serverId":"423067123225722891","section":"ads","timestamp":"2025-10-23T12:40:39.760Z"}
[2025-10-23T12:40:39.761Z] [SUCCESS] Cache cleared for server: 423067123225722891
[2025-10-23T12:40:39.861Z] [SUCCESS] New settings loaded for server: 423067123225722891
[2025-10-23T12:40:39.871Z] [SUCCESS] Section 'ads' updated successfully for server: 423067123225722891
[2025-10-23T12:45:59.385Z] [INFO] Starting Sync System...
[2025-10-23T12:45:59.386Z] [INFO] Polling started - checking every 60 seconds
[2025-10-23T12:45:59.387Z] [INFO] Starting heartbeat system...
[2025-10-23T12:45:59.387Z] [INFO] Heartbeat started - every 30 seconds
[2025-10-23T12:45:59.388Z] [INFO] Queue processor started
[2025-10-23T12:45:59.389Z] [SUCCESS] Sync System started successfully
[2025-10-23T12:46:30.105Z] [INFO] Starting Sync System...
[2025-10-23T12:46:30.106Z] [INFO] Polling started - checking every 60 seconds
[2025-10-23T12:46:30.107Z] [INFO] Starting heartbeat system...
[2025-10-23T12:46:30.107Z] [INFO] Heartbeat started - every 30 seconds
[2025-10-23T12:46:30.108Z] [INFO] Queue processor started
[2025-10-23T12:46:30.109Z] [SUCCESS] Sync System started successfully
[2025-10-23T12:46:57.303Z] [INFO] Starting Sync System...
[2025-10-23T12:46:57.304Z] [INFO] Polling started - checking every 60 seconds
[2025-10-23T12:46:57.304Z] [INFO] Starting heartbeat system...
[2025-10-23T12:46:57.305Z] [INFO] Heartbeat started - every 30 seconds
[2025-10-23T12:46:57.306Z] [INFO] Queue processor started
[2025-10-23T12:46:57.306Z] [SUCCESS] Sync System started successfully
[2025-10-23T12:48:17.698Z] [INFO] Starting Sync System...
[2025-10-23T12:48:17.699Z] [INFO] Polling started - checking every 60 seconds
[2025-10-23T12:48:17.700Z] [INFO] Starting heartbeat system...
[2025-10-23T12:48:17.701Z] [INFO] Heartbeat started - every 30 seconds
[2025-10-23T12:48:17.702Z] [INFO] Queue processor started
[2025-10-23T12:48:17.703Z] [SUCCESS] Sync System started successfully
[2025-10-23T12:53:54.797Z] [WARN] Settings update request missing required fields | Data: {"serverId":"423067123225722891","section":"ads"}
[2025-10-23T12:54:13.371Z] [ERROR] Error handling settings update | Data: {}
[2025-10-23T12:54:49.139Z] [INFO] Received settings update notification: | Data: {"serverId":"423067123225722891","section":"ads","timestamp":"2025-10-23T12:54:49.109Z"}
[2025-10-23T12:54:49.141Z] [SUCCESS] Cache cleared for server: 423067123225722891
[2025-10-23T12:54:49.258Z] [SUCCESS] New settings loaded for server: 423067123225722891
[2025-10-23T12:54:49.263Z] [SUCCESS] Section 'ads' updated successfully for server: 423067123225722891
[2025-10-23T12:56:28.387Z] [INFO] Received settings update notification: | Data: {"serverId":"423067123225722891","section":"ads","timestamp":"2025-10-23T12:56:28.310Z"}
[2025-10-23T12:56:28.389Z] [SUCCESS] Cache cleared for server: 423067123225722891
[2025-10-23T12:56:28.551Z] [SUCCESS] New settings loaded for server: 423067123225722891
[2025-10-23T12:56:28.558Z] [SUCCESS] Section 'ads' updated successfully for server: 423067123225722891
[2025-10-23T13:19:18.084Z] [INFO] Received settings update notification: | Data: {"serverId":"423067123225722891","section":"ads","timestamp":"2025-10-23T13:19:18.063Z"}
[2025-10-23T13:19:18.085Z] [SUCCESS] Cache cleared for server: 423067123225722891
[2025-10-23T13:19:18.169Z] [SUCCESS] New settings loaded for server: 423067123225722891
[2025-10-23T13:19:18.171Z] [SUCCESS] Section 'ads' updated successfully for server: 423067123225722891
[2025-10-23T13:33:53.781Z] [INFO] Received settings update notification: | Data: {"serverId":"423067123225722891","section":"ads","timestamp":"2025-10-23T13:33:53.763Z"}
[2025-10-23T13:33:53.781Z] [SUCCESS] Cache cleared for server: 423067123225722891
[2025-10-23T13:33:53.856Z] [SUCCESS] New settings loaded for server: 423067123225722891
[2025-10-23T13:33:55.292Z] [SUCCESS] Section 'ads' updated successfully for server: 423067123225722891
[2025-10-23T13:34:56.467Z] [WARN] Settings update request missing required fields | Data: {"serverId":"423067123225722891","section":"ads"}
[2025-10-23T13:35:33.652Z] [INFO] Received settings update notification: | Data: {"serverId":"423067123225722891","section":"ads","timestamp":"2025-10-23T13:35:33.631Z"}
[2025-10-23T13:35:33.653Z] [SUCCESS] Cache cleared for server: 423067123225722891
[2025-10-23T13:35:33.789Z] [SUCCESS] New settings loaded for server: 423067123225722891
[2025-10-23T13:35:38.198Z] [SUCCESS] Section 'ads' updated successfully for server: 423067123225722891
[2025-10-23T13:36:31.523Z] [INFO] Received settings update notification: | Data: {"serverId":"423067123225722891","section":"ads","timestamp":"2025-10-23T13:36:31.502Z"}
[2025-10-23T13:36:31.524Z] [SUCCESS] Cache cleared for server: 423067123225722891
[2025-10-23T13:36:31.613Z] [SUCCESS] New settings loaded for server: 423067123225722891
[2025-10-23T13:36:32.946Z] [SUCCESS] Section 'ads' updated successfully for server: 423067123225722891
[2025-10-23T13:44:42.695Z] [INFO] Starting Sync System...
[2025-10-23T13:44:42.696Z] [INFO] Polling started - checking every 60 seconds
[2025-10-23T13:44:42.696Z] [INFO] Starting heartbeat system...
[2025-10-23T13:44:42.697Z] [INFO] Heartbeat started - every 30 seconds
[2025-10-23T13:44:42.697Z] [INFO] Queue processor started
[2025-10-23T13:44:42.698Z] [SUCCESS] Sync System started successfully
[2025-10-23T13:44:59.055Z] [INFO] Received settings update notification: | Data: {"serverId":"423067123225722891","section":"ads","timestamp":"2025-10-23T13:44:59.007Z"}
[2025-10-23T13:44:59.059Z] [SUCCESS] Cache cleared for server: 423067123225722891
[2025-10-23T13:44:59.244Z] [SUCCESS] New settings loaded for server: 423067123225722891
[2025-10-23T13:44:59.255Z] [SUCCESS] Section 'ads' updated successfully for server: 423067123225722891
[2025-10-23T13:45:38.699Z] [INFO] Received settings update notification: | Data: {"serverId":"423067123225722891","section":"ads","timestamp":"2025-10-23T13:45:38.673Z"}
[2025-10-23T13:45:38.701Z] [SUCCESS] Cache cleared for server: 423067123225722891
[2025-10-23T13:45:38.926Z] [SUCCESS] New settings loaded for server: 423067123225722891
[2025-10-23T13:45:38.940Z] [SUCCESS] Section 'ads' updated successfully for server: 423067123225722891
[2025-10-23T13:46:51.967Z] [INFO] Received settings update notification: | Data: {"serverId":"423067123225722891","section":"ads","timestamp":"2025-10-23T13:46:51.947Z"}
[2025-10-23T13:46:51.968Z] [SUCCESS] Cache cleared for server: 423067123225722891
[2025-10-23T13:46:52.046Z] [SUCCESS] New settings loaded for server: 423067123225722891
[2025-10-23T13:46:52.052Z] [SUCCESS] Section 'ads' updated successfully for server: 423067123225722891
[2025-10-23T13:47:41.704Z] [INFO] Received settings update notification: | Data: {"serverId":"423067123225722891","section":"test","timestamp":"2025-10-23T13:47:41.702Z"}
[2025-10-23T13:47:41.704Z] [SUCCESS] Cache cleared for server: 423067123225722891
[2025-10-23T13:47:41.785Z] [SUCCESS] New settings loaded for server: 423067123225722891
[2025-10-23T13:47:41.786Z] [WARN] Unknown section type: test for server 423067123225722891
[2025-10-23T13:47:41.787Z] [SUCCESS] Section 'test' updated successfully for server: 423067123225722891
[2025-10-23T13:49:58.784Z] [ERROR] Error handling settings update | Data: {}
[2025-10-23T13:51:35.151Z] [INFO] Starting Sync System...
[2025-10-23T13:51:35.152Z] [INFO] Polling started - checking every 60 seconds
[2025-10-23T13:51:35.152Z] [INFO] Starting heartbeat system...
[2025-10-23T13:51:35.152Z] [INFO] Heartbeat started - every 30 seconds
[2025-10-23T13:51:35.153Z] [INFO] Queue processor started
[2025-10-23T13:51:35.153Z] [SUCCESS] Sync System started successfully
[2025-10-23T13:56:09.153Z] [INFO] Received settings update notification: | Data: {"serverId":"423067123225722891","section":"ads","timestamp":"2025-10-23T13:56:09.112Z"}
[2025-10-23T13:56:09.154Z] [SUCCESS] Cache cleared for server: 423067123225722891
[2025-10-23T13:56:09.232Z] [SUCCESS] New settings loaded for server: 423067123225722891
[2025-10-23T13:56:09.237Z] [SUCCESS] Section 'ads' updated successfully for server: 423067123225722891
[2025-10-23T13:56:41.763Z] [INFO] Starting Sync System...
[2025-10-23T13:56:41.763Z] [INFO] Polling started - checking every 60 seconds
[2025-10-23T13:56:41.764Z] [INFO] Starting heartbeat system...
[2025-10-23T13:56:41.764Z] [INFO] Heartbeat started - every 30 seconds
[2025-10-23T13:56:41.765Z] [INFO] Queue processor started
[2025-10-23T13:56:41.765Z] [SUCCESS] Sync System started successfully
[2025-10-23T13:57:03.442Z] [INFO] Received settings update notification: | Data: {"serverId":"423067123225722891","section":"ads","timestamp":"2025-10-23T13:57:03.395Z"}
[2025-10-23T13:57:03.443Z] [SUCCESS] Cache cleared for server: 423067123225722891
[2025-10-23T13:57:03.537Z] [SUCCESS] New settings loaded for server: 423067123225722891
[2025-10-23T13:57:03.544Z] [SUCCESS] Section 'ads' updated successfully for server: 423067123225722891
[2025-10-23T14:01:43.882Z] [INFO] Starting Sync System...
[2025-10-23T14:01:43.883Z] [INFO] Polling started - checking every 60 seconds
[2025-10-23T14:01:43.883Z] [INFO] Starting heartbeat system...
[2025-10-23T14:01:43.883Z] [INFO] Heartbeat started - every 30 seconds
[2025-10-23T14:01:43.884Z] [INFO] Queue processor started
[2025-10-23T14:01:43.884Z] [SUCCESS] Sync System started successfully
[2025-10-23T14:06:36.619Z] [INFO] Starting Sync System...
[2025-10-23T14:06:36.620Z] [INFO] Polling started - checking every 60 seconds
[2025-10-23T14:06:36.620Z] [INFO] Starting heartbeat system...
[2025-10-23T14:06:36.620Z] [INFO] Heartbeat started - every 30 seconds
[2025-10-23T14:06:36.621Z] [INFO] Queue processor started
[2025-10-23T14:06:36.621Z] [SUCCESS] Sync System started successfully
[2025-10-23T14:07:09.955Z] [INFO] Starting Sync System...
[2025-10-23T14:07:09.956Z] [INFO] Polling started - checking every 60 seconds
[2025-10-23T14:07:09.956Z] [INFO] Starting heartbeat system...
[2025-10-23T14:07:09.956Z] [INFO] Heartbeat started - every 30 seconds
[2025-10-23T14:07:09.957Z] [INFO] Queue processor started
[2025-10-23T14:07:09.957Z] [SUCCESS] Sync System started successfully
[2025-10-23T14:09:53.085Z] [INFO] Starting Sync System...
[2025-10-23T14:09:53.087Z] [INFO] Polling started - checking every 60 seconds
[2025-10-23T14:09:53.087Z] [INFO] Starting heartbeat system...
[2025-10-23T14:09:53.088Z] [INFO] Heartbeat started - every 30 seconds
[2025-10-23T14:09:53.089Z] [INFO] Queue processor started
[2025-10-23T14:09:53.090Z] [SUCCESS] Sync System started successfully
[2025-10-23T14:11:23.684Z] [INFO] Starting Sync System...
[2025-10-23T14:11:23.684Z] [INFO] Polling started - checking every 60 seconds
[2025-10-23T14:11:23.685Z] [INFO] Starting heartbeat system...
[2025-10-23T14:11:23.685Z] [INFO] Heartbeat started - every 30 seconds
[2025-10-23T14:11:23.686Z] [INFO] Queue processor started
[2025-10-23T14:11:23.686Z] [SUCCESS] Sync System started successfully
[2025-10-23T14:13:50.504Z] [INFO] Received settings update notification: | Data: {"serverId":"423067123225722891","section":"ads","timestamp":"2025-10-23T14:13:50.483Z"}
[2025-10-23T14:13:50.506Z] [SUCCESS] Cache cleared for server: 423067123225722891
[2025-10-23T14:13:50.627Z] [SUCCESS] New settings loaded for server: 423067123225722891
[2025-10-23T14:14:00.370Z] [SUCCESS] Section 'ads' updated successfully for server: 423067123225722891
[2025-10-23T14:15:03.298Z] [INFO] Received settings update notification: | Data: {"serverId":"423067123225722891","section":"ads","timestamp":"2025-10-23T14:15:03.292Z"}
[2025-10-23T14:15:03.299Z] [SUCCESS] Cache cleared for server: 423067123225722891
[2025-10-23T14:15:03.406Z] [SUCCESS] New settings loaded for server: 423067123225722891
[2025-10-23T14:15:13.442Z] [SUCCESS] Section 'ads' updated successfully for server: 423067123225722891
[2025-10-23T14:15:13.684Z] [INFO] Received settings update notification: | Data: {"serverId":"423067123225722891","section":"ads","timestamp":"2025-10-23T14:15:13.677Z"}
[2025-10-23T14:15:13.685Z] [SUCCESS] Cache cleared for server: 423067123225722891
[2025-10-23T14:15:13.818Z] [SUCCESS] New settings loaded for server: 423067123225722891
[2025-10-23T14:15:13.869Z] [SUCCESS] Section 'ads' updated successfully for server: 423067123225722891
[2025-10-23T14:15:14.520Z] [INFO] Received settings update notification: | Data: {"serverId":"423067123225722891","section":"ads","timestamp":"2025-10-23T14:15:14.512Z"}
[2025-10-23T14:15:14.522Z] [SUCCESS] Cache cleared for server: 423067123225722891
[2025-10-23T14:15:14.649Z] [SUCCESS] New settings loaded for server: 423067123225722891
[2025-10-23T14:15:14.687Z] [SUCCESS] Section 'ads' updated successfully for server: 423067123225722891
[2025-10-23T14:15:48.381Z] [INFO] Received settings update notification: | Data: {"serverId":"423067123225722891","section":"ads","timestamp":"2025-10-23T14:15:48.373Z"}
[2025-10-23T14:15:48.383Z] [SUCCESS] Cache cleared for server: 423067123225722891
[2025-10-23T14:15:48.484Z] [SUCCESS] New settings loaded for server: 423067123225722891
[2025-10-23T14:15:48.540Z] [SUCCESS] Section 'ads' updated successfully for server: 423067123225722891
[2025-10-23T14:17:00.368Z] [INFO] Received settings update notification: | Data: {"serverId":"423067123225722891","section":"ads","timestamp":"2025-10-23T14:17:00.358Z"}
[2025-10-23T14:17:00.370Z] [SUCCESS] Cache cleared for server: 423067123225722891
[2025-10-23T14:17:00.386Z] [INFO] Received settings update notification: | Data: {"serverId":"423067123225722891","section":"ads","timestamp":"2025-10-23T14:17:00.367Z"}
[2025-10-23T14:17:00.387Z] [SUCCESS] Cache cleared for server: 423067123225722891
[2025-10-23T14:17:00.584Z] [SUCCESS] New settings loaded for server: 423067123225722891
[2025-10-23T14:17:00.646Z] [SUCCESS] Section 'ads' updated successfully for server: 423067123225722891
[2025-10-23T14:17:00.693Z] [SUCCESS] New settings loaded for server: 423067123225722891
[2025-10-23T14:17:00.747Z] [SUCCESS] Section 'ads' updated successfully for server: 423067123225722891
[2025-10-23T14:17:01.599Z] [INFO] Received settings update notification: | Data: {"serverId":"423067123225722891","section":"ads","timestamp":"2025-10-23T14:17:01.595Z"}
[2025-10-23T14:17:01.601Z] [SUCCESS] Cache cleared for server: 423067123225722891
[2025-10-23T14:17:01.835Z] [SUCCESS] New settings loaded for server: 423067123225722891
[2025-10-23T14:17:01.916Z] [SUCCESS] Section 'ads' updated successfully for server: 423067123225722891
[2025-10-23T14:17:02.046Z] [INFO] Received settings update notification: | Data: {"serverId":"423067123225722891","section":"ads","timestamp":"2025-10-23T14:17:02.043Z"}
[2025-10-23T14:17:02.047Z] [SUCCESS] Cache cleared for server: 423067123225722891
[2025-10-23T14:17:02.184Z] [SUCCESS] New settings loaded for server: 423067123225722891
[2025-10-23T14:17:02.223Z] [SUCCESS] Section 'ads' updated successfully for server: 423067123225722891
[2025-10-23T14:17:05.781Z] [INFO] Received settings update notification: | Data: {"serverId":"423067123225722891","section":"ads","timestamp":"2025-10-23T14:17:05.778Z"}
[2025-10-23T14:17:05.782Z] [SUCCESS] Cache cleared for server: 423067123225722891
[2025-10-23T14:17:05.874Z] [SUCCESS] New settings loaded for server: 423067123225722891
[2025-10-23T14:17:05.910Z] [SUCCESS] Section 'ads' updated successfully for server: 423067123225722891
[2025-10-23T14:17:11.557Z] [INFO] Received settings update notification: | Data: {"serverId":"423067123225722891","section":"ads","timestamp":"2025-10-23T14:17:11.555Z"}
[2025-10-23T14:17:11.558Z] [SUCCESS] Cache cleared for server: 423067123225722891
[2025-10-23T14:17:11.634Z] [SUCCESS] New settings loaded for server: 423067123225722891
[2025-10-23T14:17:11.667Z] [SUCCESS] Section 'ads' updated successfully for server: 423067123225722891
[2025-10-23T14:17:33.929Z] [INFO] Received settings update notification: | Data: {"serverId":"423067123225722891","section":"autoReply","timestamp":"2025-10-23T14:17:33.927Z"}
[2025-10-23T14:17:33.930Z] [SUCCESS] Cache cleared for server: 423067123225722891
[2025-10-23T14:17:34.035Z] [SUCCESS] New settings loaded for server: 423067123225722891
[2025-10-23T14:17:34.036Z] [SUCCESS] Section 'autoReply' updated successfully for server: 423067123225722891
[2025-10-23T14:19:29.624Z] [INFO] Received settings update notification: | Data: {"serverId":"423067123225722891","section":"autoReply","timestamp":"2025-10-23T14:19:29.620Z"}
[2025-10-23T14:19:29.625Z] [SUCCESS] Cache cleared for server: 423067123225722891
[2025-10-23T14:19:29.734Z] [SUCCESS] New settings loaded for server: 423067123225722891
[2025-10-23T14:19:29.736Z] [SUCCESS] Section 'autoReply' updated successfully for server: 423067123225722891
[2025-10-23T14:19:56.523Z] [INFO] Received settings update notification: | Data: {"serverId":"423067123225722891","section":"autoReply","timestamp":"2025-10-23T14:19:56.519Z"}
[2025-10-23T14:19:56.524Z] [SUCCESS] Cache cleared for server: 423067123225722891
[2025-10-23T14:19:56.609Z] [SUCCESS] New settings loaded for server: 423067123225722891
[2025-10-23T14:19:56.610Z] [SUCCESS] Section 'autoReply' updated successfully for server: 423067123225722891
[2025-10-23T14:20:04.800Z] [INFO] Received settings update notification: | Data: {"serverId":"423067123225722891","section":"autoReply","timestamp":"2025-10-23T14:20:04.795Z"}
[2025-10-23T14:20:04.801Z] [SUCCESS] Cache cleared for server: 423067123225722891
[2025-10-23T14:20:04.895Z] [SUCCESS] New settings loaded for server: 423067123225722891
[2025-10-23T14:20:04.897Z] [SUCCESS] Section 'autoReply' updated successfully for server: 423067123225722891
[2025-10-23T14:21:54.305Z] [INFO] Starting Sync System...
[2025-10-23T14:21:54.305Z] [INFO] Polling started - checking every 60 seconds
[2025-10-23T14:21:54.305Z] [INFO] Starting heartbeat system...
[2025-10-23T14:21:54.306Z] [INFO] Heartbeat started - every 30 seconds
[2025-10-23T14:21:54.306Z] [INFO] Queue processor started
[2025-10-23T14:21:54.307Z] [SUCCESS] Sync System started successfully
[2025-10-23T14:24:57.780Z] [INFO] Received settings update notification: | Data: {"serverId":"423067123225722891","section":"autoReply","timestamp":"2025-10-23T14:24:57.775Z"}
[2025-10-23T14:24:57.781Z] [SUCCESS] Cache cleared for server: 423067123225722891
[2025-10-23T14:24:57.863Z] [SUCCESS] New settings loaded for server: 423067123225722891
[2025-10-23T14:24:57.865Z] [SUCCESS] Section 'autoReply' updated successfully for server: 423067123225722891
[2025-10-23T14:27:55.453Z] [INFO] Received settings update notification: | Data: {"serverId":"423067123225722891","section":"protection","timestamp":"2025-10-23T14:27:55.448Z"}
[2025-10-23T14:27:55.453Z] [SUCCESS] Cache cleared for server: 423067123225722891
[2025-10-23T14:27:55.539Z] [SUCCESS] New settings loaded for server: 423067123225722891
[2025-10-23T14:27:55.542Z] [SUCCESS] Section 'protection' updated successfully for server: 423067123225722891
[2025-10-23T14:28:41.326Z] [INFO] Received settings update notification: | Data: {"serverId":"423067123225722891","section":"protection","timestamp":"2025-10-23T14:28:41.323Z"}
[2025-10-23T14:28:41.327Z] [SUCCESS] Cache cleared for server: 423067123225722891
[2025-10-23T14:28:41.412Z] [SUCCESS] New settings loaded for server: 423067123225722891
[2025-10-23T14:28:41.413Z] [SUCCESS] Section 'protection' updated successfully for server: 423067123225722891
[2025-10-23T14:29:14.942Z] [INFO] Received settings update notification: | Data: {"serverId":"423067123225722891","section":"protection","timestamp":"2025-10-23T14:29:14.937Z"}
[2025-10-23T14:29:14.942Z] [SUCCESS] Cache cleared for server: 423067123225722891
[2025-10-23T14:29:15.027Z] [SUCCESS] New settings loaded for server: 423067123225722891
[2025-10-23T14:29:15.030Z] [SUCCESS] Section 'protection' updated successfully for server: 423067123225722891
[2025-10-23T14:44:03.425Z] [INFO] Manual Log (role change) sent for member shytnbsly. in R7 بالقمة ..
[2025-10-23T14:44:05.618Z] [INFO] Manual Log (role change) sent for member shytnbsly. in R7 بالقمة ..
[2025-10-23T15:02:27.113Z] [INFO] Starting Sync System...
[2025-10-23T15:02:27.114Z] [INFO] Polling started - checking every 60 seconds
[2025-10-23T15:02:27.114Z] [INFO] Starting heartbeat system...
[2025-10-23T15:02:27.114Z] [INFO] Heartbeat started - every 30 seconds
[2025-10-23T15:02:27.115Z] [INFO] Queue processor started
[2025-10-23T15:02:27.115Z] [SUCCESS] Sync System started successfully
[2025-10-23T18:48:57.119Z] [INFO] Manual Log (channel create) sent for channel 23 in R7 بالقمة ..
[2025-10-23T18:49:53.050Z] [INFO] Manual Log (channel delete) sent for channel 23 in R7 بالقمة ..
[2025-10-23T18:50:00.061Z] [INFO] Manual Log (channel create) sent for channel 23 in R7 بالقمة ..
[2025-10-23T18:58:01.065Z] [INFO] Received settings update notification: | Data: {"serverId":"423067123225722891","section":"protection","timestamp":"2025-10-23T18:58:01.054Z"}
[2025-10-23T18:58:01.066Z] [SUCCESS] Cache cleared for server: 423067123225722891
[2025-10-23T18:58:01.274Z] [SUCCESS] New settings loaded for server: 423067123225722891
[2025-10-23T18:58:01.278Z] [SUCCESS] Section 'protection' updated successfully for server: 423067123225722891
[2025-10-23T19:03:47.353Z] [INFO] Received settings update notification: | Data: {"serverId":"423067123225722891","section":"autoReply","timestamp":"2025-10-23T19:03:47.342Z"}
[2025-10-23T19:03:47.354Z] [SUCCESS] Cache cleared for server: 423067123225722891
[2025-10-23T19:03:47.600Z] [SUCCESS] New settings loaded for server: 423067123225722891
[2025-10-23T19:03:47.601Z] [SUCCESS] Section 'autoReply' updated successfully for server: 423067123225722891
[2025-10-23T19:05:38.990Z] [INFO] Received settings update notification: | Data: {"serverId":"423067123225722891","section":"protection","timestamp":"2025-10-23T19:05:38.973Z"}
[2025-10-23T19:05:38.992Z] [SUCCESS] Cache cleared for server: 423067123225722891
[2025-10-23T19:05:40.115Z] [SUCCESS] New settings loaded for server: 423067123225722891
[2025-10-23T19:05:40.122Z] [SUCCESS] Section 'protection' updated successfully for server: 423067123225722891
[2025-10-23T19:06:21.868Z] [INFO] Received settings update notification: | Data: {"serverId":"423067123225722891","section":"protection","timestamp":"2025-10-23T19:06:21.851Z"}
[2025-10-23T19:06:21.871Z] [SUCCESS] Cache cleared for server: 423067123225722891
[2025-10-23T19:06:22.131Z] [SUCCESS] New settings loaded for server: 423067123225722891
[2025-10-23T19:06:22.135Z] [SUCCESS] Section 'protection' updated successfully for server: 423067123225722891
[2025-10-23T19:09:35.231Z] [INFO] Manual Log (role change) sent for member shytnbsly. in R7 بالقمة ..
[2025-10-23T19:09:44.775Z] [INFO] Manual Log (role change) sent for member shytnbsly. in R7 بالقمة ..
[2025-10-23T19:09:47.186Z] [INFO] Manual Log (role change) sent for member shytnbsly. in R7 بالقمة ..
[2025-10-23T19:10:01.413Z] [INFO] Manual Log (nickname change) sent for member .comando. in R7 بالقمة ..
[2025-10-23T19:10:09.785Z] [INFO] Manual Log (nickname change) sent for member .comando. in R7 بالقمة ..
[2025-10-23T19:10:29.320Z] [INFO] Manual Log (nickname change) sent for member maged.mego in R7 بالقمة ..
[2025-10-23T19:10:51.738Z] [INFO] Manual Log (channel create) sent for channel dsasda in R7 بالقمة ..
[2025-10-23T19:11:02.959Z] [INFO] Manual Log (channel delete) sent for channel dsasda in R7 بالقمة ..
[2025-10-23T19:11:10.211Z] [INFO] Manual Log (server update) sent for R7 بالقمة ...
[2025-10-23T19:11:57.172Z] [INFO] Manual Log (message edit) sent for message from te2m in R7 بالقمة ...
[2025-10-23T19:12:07.115Z] [INFO] Manual Log (message delete) sent for message from te2m in R7 بالقمة ...
[2025-10-23T19:14:07.553Z] [INFO] Manual Log (channel delete) sent for channel 23 in R7 بالقمة ...
[2025-10-23T19:14:13.687Z] [INFO] Manual Log (nickname change) sent for member maged.mego in R7 بالقمة ...
[2025-10-23T19:14:25.869Z] [INFO] Manual Log (nickname change) sent for member TestCode#3433 in R7 بالقمة ...
[2025-10-23T19:14:42.170Z] [INFO] Manual Log (nickname change) sent for member TestCode#3433 in R7 بالقمة ...
[2025-10-23T19:14:48.104Z] [INFO] Manual Log (nickname change) sent for member .comando. in R7 بالقمة ...
[2025-10-23T19:14:57.183Z] [INFO] Manual Log (server update) sent for R7 بالقمة ..
[2025-10-23T19:15:59.738Z] [INFO] Manual Log (message delete) sent for message from te2m in R7 بالقمة ..
[2025-10-23T19:19:16.266Z] [INFO] Received settings update notification: | Data: {"serverId":"423067123225722891","section":"ads","timestamp":"2025-10-23T19:19:16.253Z"}
[2025-10-23T19:19:16.268Z] [SUCCESS] Cache cleared for server: 423067123225722891
[2025-10-23T19:19:16.444Z] [SUCCESS] New settings loaded for server: 423067123225722891
[2025-10-23T19:19:22.251Z] [SUCCESS] Section 'ads' updated successfully for server: 423067123225722891
[2025-10-23T19:19:29.626Z] [INFO] Received settings update notification: | Data: {"serverId":"423067123225722891","section":"ads","timestamp":"2025-10-23T19:19:29.618Z"}
[2025-10-23T19:19:29.627Z] [SUCCESS] Cache cleared for server: 423067123225722891
[2025-10-23T19:19:29.774Z] [SUCCESS] New settings loaded for server: 423067123225722891
[2025-10-23T19:19:29.828Z] [SUCCESS] Section 'ads' updated successfully for server: 423067123225722891
[2025-10-23T19:19:51.073Z] [INFO] Received settings update notification: | Data: {"serverId":"423067123225722891","section":"ads","timestamp":"2025-10-23T19:19:51.060Z"}
[2025-10-23T19:19:51.075Z] [SUCCESS] Cache cleared for server: 423067123225722891
[2025-10-23T19:19:51.271Z] [SUCCESS] New settings loaded for server: 423067123225722891
[2025-10-23T19:19:51.325Z] [SUCCESS] Section 'ads' updated successfully for server: 423067123225722891
[2025-10-23T19:20:06.117Z] [INFO] Received settings update notification: | Data: {"serverId":"423067123225722891","section":"autoReply","timestamp":"2025-10-23T19:20:06.109Z"}
[2025-10-23T19:20:06.119Z] [SUCCESS] Cache cleared for server: 423067123225722891
[2025-10-23T19:20:06.323Z] [SUCCESS] New settings loaded for server: 423067123225722891
[2025-10-23T19:20:06.324Z] [SUCCESS] Section 'autoReply' updated successfully for server: 423067123225722891
[2025-10-23T19:20:24.432Z] [INFO] Manual Log (message delete) sent for message from te2m in R7 بالقمة ..
[2025-10-23T19:20:28.595Z] [INFO] Manual Log (message delete) sent for message from te2m in R7 بالقمة ..
[2025-10-23T19:20:31.381Z] [INFO] Manual Log (message delete) sent for message from te2m in R7 بالقمة ..
[2025-10-23T19:20:34.873Z] [INFO] Manual Log (message delete) sent for message from te2m in R7 بالقمة ..
[2025-10-23T19:20:38.780Z] [INFO] Manual Log (message delete) sent for message from te2m in R7 بالقمة ..
[2025-10-23T19:20:41.461Z] [INFO] Manual Log (message delete) sent for message from te2m in R7 بالقمة ..
[2025-10-23T19:20:51.144Z] [INFO] Manual Log (message delete) sent for message from te2m in R7 بالقمة ..
[2025-10-23T19:21:12.139Z] [INFO] Manual Log (message delete) sent for message from te2m in R7 بالقمة ..
[2025-10-23T19:21:15.496Z] [INFO] Manual Log (message delete) sent for message from te2m in R7 بالقمة ..
[2025-10-23T19:21:17.153Z] [INFO] Manual Log (message delete) sent for message from te2m in R7 بالقمة ..
[2025-10-23T19:21:18.544Z] [INFO] Manual Log (message delete) sent for message from te2m in R7 بالقمة ..
[2025-10-23T19:21:23.818Z] [INFO] Manual Log (message delete) sent for message from te2m in R7 بالقمة ..
[2025-10-23T19:21:26.614Z] [INFO] Manual Log (message delete) sent for message from te2m in R7 بالقمة ..
[2025-10-23T19:21:28.705Z] [INFO] Manual Log (message delete) sent for message from te2m in R7 بالقمة ..
[2025-10-23T19:22:40.928Z] [INFO] Manual Log (message delete) sent for message from te2m in R7 بالقمة ..
[2025-10-23T19:22:49.913Z] [INFO] Manual Log (message delete) sent for message from te2m in R7 بالقمة ..
[2025-10-23T19:22:52.310Z] [INFO] Manual Log (message delete) sent for message from te2m in R7 بالقمة ..
[2025-10-23T19:22:58.811Z] [INFO] Manual Log (message delete) sent for message from te2m in R7 بالقمة ..
[2025-10-23T19:23:03.943Z] [INFO] Manual Log (message delete) sent for message from te2m in R7 بالقمة ..
[2025-10-23T19:23:06.300Z] [INFO] Manual Log (message delete) sent for message from te2m in R7 بالقمة ..
[2025-10-23T19:23:18.108Z] [INFO] Received settings update notification: | Data: {"serverId":"423067123225722891","section":"protection","timestamp":"2025-10-23T19:23:18.093Z"}
[2025-10-23T19:23:18.109Z] [SUCCESS] Cache cleared for server: 423067123225722891
[2025-10-23T19:23:18.746Z] [SUCCESS] New settings loaded for server: 423067123225722891
[2025-10-23T19:23:18.749Z] [SUCCESS] Section 'protection' updated successfully for server: 423067123225722891
[2025-10-23T19:23:27.272Z] [ERROR] Error sending Manual Log (kick): | Data: {}
[2025-10-23T19:23:27.617Z] [ERROR] Error sending Manual Log (nickname change): | Data: {}
[2025-10-23T19:23:36.631Z] [ERROR] Error sending Manual Log (nickname change): | Data: {}
[2025-10-23T19:23:38.027Z] [INFO] Manual Log (role change) sent for member shytnbsly. in R7 بالقمة ..
[2025-10-23T19:23:50.595Z] [INFO] Received settings update notification: | Data: {"serverId":"423067123225722891","section":"protection","timestamp":"2025-10-23T19:23:50.583Z"}
[2025-10-23T19:23:50.595Z] [SUCCESS] Cache cleared for server: 423067123225722891
[2025-10-23T19:23:50.765Z] [SUCCESS] New settings loaded for server: 423067123225722891
[2025-10-23T19:23:50.768Z] [SUCCESS] Section 'protection' updated successfully for server: 423067123225722891
[2025-10-23T19:23:59.353Z] [INFO] Manual Log (message delete) sent for message from shytnbsly. in R7 بالقمة ..
[2025-10-23T19:24:00.548Z] [INFO] Manual Log (message delete) sent for message from shytnbsly. in R7 بالقمة ..
[2025-10-23T19:24:03.096Z] [INFO] Manual Log (message delete) sent for message from shytnbsly. in R7 بالقمة ..
[2025-10-23T19:24:04.650Z] [INFO] Manual Log (message delete) sent for message from shytnbsly. in R7 بالقمة ..
[2025-10-23T19:24:15.867Z] [INFO] Received settings update notification: | Data: {"serverId":"423067123225722891","section":"protection","timestamp":"2025-10-23T19:24:15.859Z"}
[2025-10-23T19:24:15.868Z] [SUCCESS] Cache cleared for server: 423067123225722891
[2025-10-23T19:24:16.060Z] [SUCCESS] New settings loaded for server: 423067123225722891
[2025-10-23T19:24:16.063Z] [SUCCESS] Section 'protection' updated successfully for server: 423067123225722891
[2025-10-23T19:24:32.976Z] [INFO] Manual Log (role change) sent for member shytnbsly. in R7 بالقمة ..
[2025-10-23T19:24:54.968Z] [INFO] Manual Log (role change) sent for member shytnbsly. in R7 بالقمة ..
[2025-10-23T19:25:00.470Z] [ERROR] Error sending Manual Log (nickname change): | Data: {}
[2025-10-23T19:25:00.929Z] [ERROR] Error sending Manual Log (kick): | Data: {}
[2025-10-23T19:25:00.992Z] [ERROR] Error sending Manual Log (ban): | Data: {}
[2025-10-23T19:25:01.101Z] [ERROR] Error sending Manual Log (nickname change): | Data: {}
[2025-10-23T19:25:55.608Z] [INFO] Received settings update notification: | Data: {"serverId":"423067123225722891","section":"protection","timestamp":"2025-10-23T19:25:55.603Z"}
[2025-10-23T19:25:55.609Z] [SUCCESS] Cache cleared for server: 423067123225722891
[2025-10-23T19:25:55.770Z] [SUCCESS] New settings loaded for server: 423067123225722891
[2025-10-23T19:25:55.775Z] [SUCCESS] Section 'protection' updated successfully for server: 423067123225722891
[2025-10-23T19:28:40.779Z] [ERROR] Error sending Manual Log (nickname change): | Data: {}
[2025-10-23T19:28:42.217Z] [INFO] Manual Log (role change) sent for member shytnbsly. in R7 بالقمة ..
[2025-10-23T19:28:48.732Z] [INFO] Manual Log (role change) sent for member shytnbsly. in R7 بالقمة ..
[2025-10-23T19:28:49.395Z] [INFO] Manual Log (role change) sent for member shytnbsly. in R7 بالقمة ..
[2025-10-23T19:31:48.367Z] [INFO] Received settings update notification: | Data: {"serverId":"423067123225722891","section":"ads","timestamp":"2025-10-23T19:31:48.325Z"}
[2025-10-23T19:31:48.368Z] [SUCCESS] Cache cleared for server: 423067123225722891
[2025-10-23T19:31:48.993Z] [SUCCESS] New settings loaded for server: 423067123225722891
[2025-10-23T19:31:49.199Z] [SUCCESS] Section 'ads' updated successfully for server: 423067123225722891
[2025-10-23T19:31:53.584Z] [INFO] Received settings update notification: | Data: {"serverId":"423067123225722891","section":"ads","timestamp":"2025-10-23T19:31:53.544Z"}
[2025-10-23T19:31:53.588Z] [SUCCESS] Cache cleared for server: 423067123225722891
[2025-10-23T19:32:02.234Z] [INFO] Received settings update notification: | Data: {"serverId":"423067123225722891","section":"ads","timestamp":"2025-10-23T19:32:01.931Z"}
[2025-10-23T19:32:02.236Z] [SUCCESS] Cache cleared for server: 423067123225722891
[2025-10-23T19:32:02.395Z] [INFO] Received settings update notification: | Data: {"serverId":"423067123225722891","section":"ads","timestamp":"2025-10-23T19:32:02.343Z"}
[2025-10-23T19:32:02.397Z] [SUCCESS] Cache cleared for server: 423067123225722891
[2025-10-23T19:32:06.153Z] [SUCCESS] New settings loaded for server: 423067123225722891
[2025-10-23T19:32:06.196Z] [SUCCESS] Section 'ads' updated successfully for server: 423067123225722891
[2025-10-23T19:32:09.922Z] [SUCCESS] New settings loaded for server: 423067123225722891
[2025-10-23T19:32:10.664Z] [SUCCESS] Section 'ads' updated successfully for server: 423067123225722891
[2025-10-23T19:32:14.062Z] [SUCCESS] New settings loaded for server: 423067123225722891
[2025-10-23T19:32:17.496Z] [SUCCESS] Section 'ads' updated successfully for server: 423067123225722891
[2025-10-23T19:32:17.518Z] [INFO] Received settings update notification: | Data: {"serverId":"423067123225722891","section":"ads","timestamp":"2025-10-23T19:32:15.786Z"}
[2025-10-23T19:32:17.521Z] [SUCCESS] Cache cleared for server: 423067123225722891
[2025-10-23T19:32:23.933Z] [INFO] Received settings update notification: | Data: {"serverId":"423067123225722891","section":"ads","timestamp":"2025-10-23T19:32:23.572Z"}
[2025-10-23T19:32:23.936Z] [SUCCESS] Cache cleared for server: 423067123225722891
[2025-10-23T19:32:27.861Z] [INFO] Received settings update notification: | Data: {"serverId":"423067123225722891","section":"ads","timestamp":"2025-10-23T19:32:27.760Z"}
[2025-10-23T19:32:27.864Z] [SUCCESS] Cache cleared for server: 423067123225722891
[2025-10-23T19:32:29.372Z] [SUCCESS] New settings loaded for server: 423067123225722891
[2025-10-23T19:32:30.005Z] [SUCCESS] Section 'ads' updated successfully for server: 423067123225722891
[2025-10-23T19:32:30.568Z] [SUCCESS] New settings loaded for server: 423067123225722891
[2025-10-23T19:32:30.627Z] [SUCCESS] Section 'ads' updated successfully for server: 423067123225722891
[2025-10-23T19:32:31.629Z] [SUCCESS] New settings loaded for server: 423067123225722891
[2025-10-23T19:32:32.543Z] [SUCCESS] Section 'ads' updated successfully for server: 423067123225722891
[2025-10-23T19:32:32.819Z] [INFO] Received settings update notification: | Data: {"serverId":"423067123225722891","section":"ads","timestamp":"2025-10-23T19:32:32.794Z"}
[2025-10-23T19:32:32.822Z] [SUCCESS] Cache cleared for server: 423067123225722891
[2025-10-23T19:32:39.778Z] [INFO] Received settings update notification: | Data: {"serverId":"423067123225722891","section":"ads","timestamp":"2025-10-23T19:32:39.694Z"}
[2025-10-23T19:32:39.781Z] [SUCCESS] Cache cleared for server: 423067123225722891
[2025-10-23T19:32:40.273Z] [INFO] Received settings update notification: | Data: {"serverId":"423067123225722891","section":"ads","timestamp":"2025-10-23T19:32:40.146Z"}
[2025-10-23T19:32:40.277Z] [SUCCESS] Cache cleared for server: 423067123225722891
[2025-10-23T19:32:47.086Z] [SUCCESS] New settings loaded for server: 423067123225722891
[2025-10-23T19:32:47.163Z] [SUCCESS] Section 'ads' updated successfully for server: 423067123225722891
[2025-10-23T19:32:47.301Z] [INFO] Received settings update notification: | Data: {"serverId":"423067123225722891","section":"ads","timestamp":"2025-10-23T19:32:47.172Z"}
[2025-10-23T19:32:47.307Z] [SUCCESS] Cache cleared for server: 423067123225722891
[2025-10-23T19:32:52.227Z] [SUCCESS] New settings loaded for server: 423067123225722891
[2025-10-23T19:32:55.192Z] [SUCCESS] Section 'ads' updated successfully for server: 423067123225722891
[2025-10-23T19:32:55.226Z] [SUCCESS] New settings loaded for server: 423067123225722891
[2025-10-23T19:32:57.679Z] [SUCCESS] Section 'ads' updated successfully for server: 423067123225722891
[2025-10-23T19:32:58.851Z] [INFO] Received settings update notification: | Data: {"serverId":"423067123225722891","section":"ads","timestamp":"2025-10-23T19:32:58.301Z"}
[2025-10-23T19:32:58.853Z] [SUCCESS] Cache cleared for server: 423067123225722891
[2025-10-23T19:33:05.538Z] [INFO] Received settings update notification: | Data: {"serverId":"423067123225722891","section":"ads","timestamp":"2025-10-23T19:33:05.227Z"}
[2025-10-23T19:33:05.540Z] [SUCCESS] Cache cleared for server: 423067123225722891
[2025-10-23T19:33:05.724Z] [SUCCESS] New settings loaded for server: 423067123225722891
[2025-10-23T19:33:06.798Z] [SUCCESS] Section 'ads' updated successfully for server: 423067123225722891
[2025-10-23T19:33:11.774Z] [SUCCESS] New settings loaded for server: 423067123225722891
[2025-10-23T19:33:12.971Z] [SUCCESS] Section 'ads' updated successfully for server: 423067123225722891
[2025-10-23T19:33:13.957Z] [SUCCESS] New settings loaded for server: 423067123225722891
[2025-10-23T19:33:15.131Z] [SUCCESS] Section 'ads' updated successfully for server: 423067123225722891
